2025-01-03 16:17:27 [restartedMain] INFO  m._.conference.ConferenceApplication - Starting ConferenceApplication using Java 17.0.6 with PID 385704 (D:\workspace\java\my_api\project\exc_conference_api\bin\main started by EXC in D:\workspace\java\my_api\project\exc_conference_api)
2025-01-03 16:17:27 [restartedMain] INFO  m._.conference.ConferenceApplication - No active profile set, falling back to 1 default profile: "default"
2025-01-03 16:17:27 [restartedMain] INFO  o.s.b.d.e.DevToolsPropertyDefaultsPostProcessor - Devtools property defaults active! Set 'spring.devtools.add-properties' to 'false' to disable
2025-01-03 16:17:27 [restartedMain] INFO  o.s.b.d.e.DevToolsPropertyDefaultsPostProcessor - For additional web related logging consider setting the 'logging.level.web' property to 'DEBUG'
2025-01-03 16:17:27 [restartedMain] INFO  o.s.b.w.e.tomcat.TomcatWebServer - Tomcat initialized with port 9370 (http)
2025-01-03 16:17:27 [restartedMain] INFO  o.a.coyote.http11.Http11NioProtocol - Initializing ProtocolHandler ["http-nio-9370"]
2025-01-03 16:17:27 [restartedMain] INFO  o.a.catalina.core.StandardService - Starting service [Tomcat]
2025-01-03 16:17:27 [restartedMain] INFO  o.a.catalina.core.StandardEngine - Starting Servlet engine: [Apache Tomcat/10.1.33]
2025-01-03 16:17:27 [restartedMain] INFO  o.a.c.c.C.[Tomcat].[localhost].[/] - Initializing Spring embedded WebApplicationContext
2025-01-03 16:17:27 [restartedMain] INFO  o.s.b.w.s.c.ServletWebServerApplicationContext - Root WebApplicationContext: initialization completed in 610 ms
2025-01-03 16:17:28 [restartedMain] INFO  o.s.b.d.a.OptionalLiveReloadServer - LiveReload server is running on port 35729
2025-01-03 16:17:28 [restartedMain] INFO  o.a.coyote.http11.Http11NioProtocol - Starting ProtocolHandler ["http-nio-9370"]
2025-01-03 16:17:28 [restartedMain] INFO  o.s.b.w.e.tomcat.TomcatWebServer - Tomcat started on port 9370 (http) with context path '/'
2025-01-03 16:17:28 [restartedMain] INFO  m._.conference.ConferenceApplication - Started ConferenceApplication in 1.242 seconds (process running for 1.838)
2025-01-03 16:21:02 [http-nio-9370-exec-1] INFO  o.a.c.c.C.[Tomcat].[localhost].[/] - Initializing Spring DispatcherServlet 'dispatcherServlet'
2025-01-03 16:21:02 [http-nio-9370-exec-1] INFO  o.s.web.servlet.DispatcherServlet - Initializing Servlet 'dispatcherServlet'
2025-01-03 16:21:02 [http-nio-9370-exec-1] INFO  o.s.web.servlet.DispatcherServlet - Completed initialization in 1 ms
2025-01-03 16:21:02 [http-nio-9370-exec-1] INFO  m._.c.controller.CustomController - getConference
2025-01-03 16:21:02 [http-nio-9370-exec-1] INFO  com.zaxxer.hikari.HikariDataSource - HikariPool-1 - Starting...
2025-01-03 16:21:02 [http-nio-9370-exec-1] INFO  com.zaxxer.hikari.pool.HikariPool - HikariPool-1 - Added connection org.mariadb.jdbc.Connection@76adfc1c
2025-01-03 16:21:02 [http-nio-9370-exec-1] INFO  com.zaxxer.hikari.HikariDataSource - HikariPool-1 - Start completed.
2025-01-03 16:21:06 [http-nio-9370-exec-2] INFO  m._.c.controller.CustomController - getConference
2025-01-03 16:21:58 [http-nio-9370-exec-3] INFO  m._.c.controller.CustomController - getConference
2025-01-03 16:27:00 [File Watcher] INFO  o.s.b.d.a.LocalDevToolsAutoConfiguration$RestartingClassPathChangeChangedEventListener - Restarting due to 1 class path change (0 additions, 0 deletions, 1 modification)
2025-01-03 16:27:00 [Thread-5] INFO  o.s.b.w.e.tomcat.GracefulShutdown - Commencing graceful shutdown. Waiting for active requests to complete
2025-01-03 16:27:00 [tomcat-shutdown] INFO  o.a.coyote.http11.Http11NioProtocol - Pausing ProtocolHandler ["http-nio-9370"]
2025-01-03 16:27:00 [tomcat-shutdown] INFO  o.s.b.w.e.tomcat.GracefulShutdown - Graceful shutdown complete
2025-01-03 16:27:00 [Thread-5] INFO  o.a.coyote.http11.Http11NioProtocol - Stopping ProtocolHandler ["http-nio-9370"]
2025-01-03 16:27:00 [Thread-5] INFO  com.zaxxer.hikari.HikariDataSource - HikariPool-1 - Shutdown initiated...
2025-01-03 16:27:00 [Thread-5] INFO  com.zaxxer.hikari.HikariDataSource - HikariPool-1 - Shutdown completed.
